0 silly argv {
0 silly argv   _: [ 'add' ],
0 silly argv   globs: [],
0 silly argv   lernaVersion: '4.0.0',
0 silly argv   '$0': '/Users/deepakramalingam/.config/yarn/global/node_modules/.bin/lerna',
0 silly argv   pkg: 'express'
0 silly argv }
1 notice cli v4.0.0
2 verbose rootPath /Users/deepakramalingam/Documents/Projects/project_m
3 error JSONError: Unexpected token "}" (0x7D) in JSON at position 228 while parsing near "...ommon\": \"^1.0.0\",\n  }\n}\n" in services/auth-server/package.json
3 error
3 error [0m [90m  9 |[39m   [32m"dependencies"[39m[33m:[39m {[0m
3 error [0m [90m 10 |[39m     [32m"@project_m/common"[39m[33m:[39m [32m"^1.0.0"[39m[33m,[39m[0m
3 error [0m[31m[1m>[22m[39m[90m 11 |[39m   }[0m
3 error [0m [90m    |[39m   [31m[1m^[22m[39m[0m
3 error [0m [90m 12 |[39m }[0m
3 error [0m [90m 13 |[39m[0m
3 error
3 error     at parseJson (/Users/deepakramalingam/Documents/Projects/project_m/node_modules/parse-json/index.mjs:29:21)
3 error     at parse (/Users/deepakramalingam/Documents/Projects/project_m/node_modules/load-json-file/index.mjs:15:9)
3 error     at module.exports (/Users/deepakramalingam/Documents/Projects/project_m/node_modules/load-json-file/index.mjs:18:47)
